<?xml version="1.0" encoding="UTF-8"?>
<!-- Generated by org.testng.reporters.JUnitReportReporter -->
<testsuite skipped="0" hostname="Deepikas-MacBook-Pro.local" name="TestLogin" tests="2" failures="0" timestamp="12 Oct 2017 11:25:25 GMT" time="17.068" errors="0">
  <testcase name="launchWebsite" time="3.568" classname="TestLogin"/>
  <testcase name="enterLoginDetails" time="13.500" classname="TestLogin"/>
</testsuite> <!-- TestLogin -->
